0 info it worked if it ends with ok
1 verbose cli [ '/Users/bbai/.nvm/versions/node/v6.3.1/bin/node',
1 verbose cli   '/Users/bbai/.nvm/versions/node/v6.3.1/bin/npm',
1 verbose cli   'run',
1 verbose cli   'bootstrap' ]
2 info using npm@3.10.3
3 info using node@v6.3.1
4 verbose run-script [ 'prebootstrap', 'bootstrap', 'postbootstrap' ]
5 info lifecycle @~prebootstrap: @
6 silly lifecycle @~prebootstrap: no script for prebootstrap, continuing
7 info lifecycle @~bootstrap: @
8 verbose lifecycle @~bootstrap: unsafe-perm in lifecycle true
9 verbose lifecycle @~bootstrap: PATH: /Users/bbai/.nvm/versions/node/v6.3.1/lib/node_modules/npm/bin/node-gyp-bin:/Users/bbai/Development/design-system/node_modules/.bin:/Users/bbai/.nvm/versions/node/v6.3.1/bin:/Users/bbai/.nvm/versions/node/v6.3.1/bin:/usr/local/bin:/usr/bin:/bin:/usr/sbin:/sbin
10 verbose lifecycle @~bootstrap: CWD: /Users/bbai/Development/design-system
11 silly lifecycle @~bootstrap: Args: [ '-c', 'lerna bootstrap --hoist' ]
12 silly lifecycle @~bootstrap: Returned: code: 1  signal: null
13 info lifecycle @~bootstrap: Failed to exec bootstrap script
14 verbose stack Error: @ bootstrap: `lerna bootstrap --hoist`
14 verbose stack Exit status 1
14 verbose stack     at EventEmitter.<anonymous> (/Users/bbai/.nvm/versions/node/v6.3.1/lib/node_modules/npm/lib/utils/lifecycle.js:242:16)
14 verbose stack     at emitTwo (events.js:106:13)
14 verbose stack     at EventEmitter.emit (events.js:191:7)
14 verbose stack     at ChildProcess.<anonymous> (/Users/bbai/.nvm/versions/node/v6.3.1/lib/node_modules/npm/lib/utils/spawn.js:40:14)
14 verbose stack     at emitTwo (events.js:106:13)
14 verbose stack     at ChildProcess.emit (events.js:191:7)
14 verbose stack     at maybeClose (internal/child_process.js:852:16)
14 verbose stack     at Process.ChildProcess._handle.onexit (internal/child_process.js:215:5)
15 verbose pkgid @
16 verbose cwd /Users/bbai/Development/design-system
17 error Darwin 17.7.0
18 error argv "/Users/bbai/.nvm/versions/node/v6.3.1/bin/node" "/Users/bbai/.nvm/versions/node/v6.3.1/bin/npm" "run" "bootstrap"
19 error node v6.3.1
20 error npm  v3.10.3
21 error code ELIFECYCLE
22 error @ bootstrap: `lerna bootstrap --hoist`
22 error Exit status 1
23 error Failed at the @ bootstrap script 'lerna bootstrap --hoist'.
23 error Make sure you have the latest version of node.js and npm installed.
23 error If you do, this is most likely a problem with the  package,
23 error not with npm itself.
23 error Tell the author that this fails on your system:
23 error     lerna bootstrap --hoist
23 error You can get information on how to open an issue for this project with:
23 error     npm bugs
23 error Or if that isn't available, you can get their info via:
23 error     npm owner ls
23 error There is likely additional logging output above.
24 verbose exit [ 1, true ]
